This is pdfTeX, Version 3.14159265-2.6-1.40.16 (TeX Live 2015/Debian) (preloaded format=pdflatex 2017.12.10)  27 FEB 2018 09:29
entering extended mode
 restricted \write18 enabled.
 %&-line parsing enabled.
**"Short description.tex"
(./Short description.tex
LaTeX2e <2016/02/01>
Babel <3.9q> and hyphenation patterns for 81 language(s) loaded.
(/usr/share/texlive/texmf-dist/tex/latex/base/book.cls
Document Class: book 2014/09/29 v1.4h Standard LaTeX document class
(/usr/share/texlive/texmf-dist/tex/latex/base/bk10.clo
File: bk10.clo 2014/09/29 v1.4h Standard LaTeX file (size option)
)
\c@part=\count79
\c@chapter=\count80
\c@section=\count81
\c@subsection=\count82
\c@subsubsection=\count83
\c@paragraph=\count84
\c@subparagraph=\count85
\c@figure=\count86
\c@table=\count87
\abovecaptionskip=\skip41
\belowcaptionskip=\skip42
\bibindent=\dimen102
)
(/usr/share/texlive/texmf-dist/tex/latex/geometry/geometry.sty
Package: geometry 2010/09/12 v5.6 Page Geometry

(/usr/share/texlive/texmf-dist/tex/latex/graphics/keyval.sty
Package: keyval 2014/10/28 v1.15 key=value parser (DPC)
\KV@toks@=\toks14
)
(/usr/share/texlive/texmf-dist/tex/generic/oberdiek/ifpdf.sty
Package: ifpdf 2011/01/30 v2.3 Provides the ifpdf switch (HO)
Package ifpdf Info: pdfTeX in PDF mode is detected.
)
(/usr/share/texlive/texmf-dist/tex/generic/oberdiek/ifvtex.sty
Package: ifvtex 2010/03/01 v1.5 Detect VTeX and its facilities (HO)
Package ifvtex Info: VTeX not detected.
)
(/usr/share/texlive/texmf-dist/tex/generic/ifxetex/ifxetex.sty
Package: ifxetex 2010/09/12 v0.6 Provides ifxetex conditional
)
\Gm@cnth=\count88
\Gm@cntv=\count89
\c@Gm@tempcnt=\count90
\Gm@bindingoffset=\dimen103
\Gm@wd@mp=\dimen104
\Gm@odd@mp=\dimen105
\Gm@even@mp=\dimen106
\Gm@layoutwidth=\dimen107
\Gm@layoutheight=\dimen108
\Gm@layouthoffset=\dimen109
\Gm@layoutvoffset=\dimen110
\Gm@dimlist=\toks15
)
(/usr/share/texlive/texmf-dist/tex/latex/layouts/layouts.sty
Package: layouts 2009/09/02 v2.6d graphical depiction of document elements
\l@ylen=\skip43
\layoutsbox=\box26
\l@youtunitlength=\skip44
\l@youtlinethick=\skip45
\l@youtlinethickii=\skip46
\l@ysetupparskip=\skip47
\l@ysetupbaselineskip=\skip48
\l@yonem=\skip49
\l@yonex=\skip50
\l@ylmarg=\skip51
\l@yrmarg=\skip52
\l@yitmindent=\skip53
\l@ylblwidth=\skip54
\l@ylblsep=\skip55
\l@ylparindent=\skip56
\l@ytsep=\skip57
\l@ypskip=\skip58
\l@yptsep=\skip59
\l@ypsep=\skip60
\l@yitmsep=\skip61
\l@ytok=\toks16
\l@youtpw=\count91
\l@youtph=\count92
\l@youthpi=\count93
\l@youthpii=\count94
\l@youthpiii=\count95
\l@youthpiv=\count96
\l@youthpv=\count97
\l@youthpvi=\count98
\l@youthpvii=\count99
\l@youtparskip=\count100
\l@youtvpi=\count101
\l@youtvpii=\count102
\l@youtvpiii=\count103
\l@youtvpiv=\count104
\l@youtvpv=\count105
\l@youtvpvi=\count106
\l@youtvpvii=\count107
\l@youthdo=\count108
\l@youthdi=\count109
\l@youthdii=\count110
\l@youthdiii=\count111
\l@youthdiv=\count112
\l@youthdv=\count113
\l@youthdvi=\count114
\l@youthdvii=\count115
\l@youtvdo=\count116
\l@youtvdi=\count117
\l@youtvdii=\count118
\l@youtvdiii=\count119
\l@youtvdiv=\count120
\l@youtvdv=\count121
\l@youtvdvi=\count122
\l@youtvdvii=\count123
\l@youtvdviii=\count124
\l@youtxci=\count125
\l@youtxcii=\count126
\l@youtxciii=\count127
\l@youtxciv=\count128
\l@youtxcv=\count129
\l@youtxcvi=\count130
\l@youtyci=\count131
\l@youtycii=\count132
\l@youtyciii=\count133
\l@youtyciv=\count134
\l@youtycv=\count135
\l@youtycvi=\count136
\l@youtycvii=\count137
\l@youtycviii=\count138
\l@youtxco=\count139
\l@youtyco=\count140
\l@ytempdima=\skip62
\stockwidth=\skip63
\stockheight=\skip64
\trimedge=\skip65
\trimtop=\skip66
\uppermargin=\skip67
\spinemargin=\skip68
)
(/usr/share/texlive/texmf-dist/tex/latex/graphics/graphicx.sty
Package: graphicx 2014/10/28 v1.0g Enhanced LaTeX Graphics (DPC,SPQR)

(/usr/share/texlive/texmf-dist/tex/latex/graphics/graphics.sty
Package: graphics 2016/01/03 v1.0q Standard LaTeX Graphics (DPC,SPQR)

(/usr/share/texlive/texmf-dist/tex/latex/graphics/trig.sty
Package: trig 2016/01/03 v1.10 sin cos tan (DPC)
)
(/usr/share/texlive/texmf-dist/tex/latex/latexconfig/graphics.cfg
File: graphics.cfg 2010/04/23 v1.9 graphics configuration of TeX Live
)
Package graphics Info: Driver file: pdftex.def on input line 95.

(/usr/share/texlive/texmf-dist/tex/latex/pdftex-def/pdftex.def
File: pdftex.def 2011/05/27 v0.06d Graphics/color for pdfTeX

(/usr/share/texlive/texmf-dist/tex/generic/oberdiek/infwarerr.sty
Package: infwarerr 2010/04/08 v1.3 Providing info/warning/error messages (HO)
)
(/usr/share/texlive/texmf-dist/tex/generic/oberdiek/ltxcmds.sty
Package: ltxcmds 2011/11/09 v1.22 LaTeX kernel commands for general use (HO)
)
\Gread@gobject=\count141
))
\Gin@req@height=\dimen111
\Gin@req@width=\dimen112
)
(/usr/share/texlive/texmf-dist/tex/latex/natbib/natbib.sty
Package: natbib 2010/09/13 8.31b (PWD, AO)
\bibhang=\skip69
\bibsep=\skip70
LaTeX Info: Redefining \cite on input line 694.
\c@NAT@ctr=\count142
)
(/usr/share/texlive/texmf-dist/tex/latex/amsmath/amsmath.sty
Package: amsmath 2016/03/03 v2.15a AMS math features
\@mathmargin=\skip71

For additional information on amsmath, use the `?' option.
(/usr/share/texlive/texmf-dist/tex/latex/amsmath/amstext.sty
Package: amstext 2000/06/29 v2.01 AMS text

(/usr/share/texlive/texmf-dist/tex/latex/amsmath/amsgen.sty
File: amsgen.sty 1999/11/30 v2.0 generic functions
\@emptytoks=\toks17
\ex@=\dimen113
))
(/usr/share/texlive/texmf-dist/tex/latex/amsmath/amsbsy.sty
Package: amsbsy 1999/11/29 v1.2d Bold Symbols
\pmbraise@=\dimen114
)
(/usr/share/texlive/texmf-dist/tex/latex/amsmath/amsopn.sty
Package: amsopn 1999/12/14 v2.01 operator names
)
\inf@bad=\count143
LaTeX Info: Redefining \frac on input line 199.
\uproot@=\count144
\leftroot@=\count145
LaTeX Info: Redefining \overline on input line 297.
\classnum@=\count146
\DOTSCASE@=\count147
LaTeX Info: Redefining \ldots on input line 394.
LaTeX Info: Redefining \dots on input line 397.
LaTeX Info: Redefining \cdots on input line 518.
\Mathstrutbox@=\box27
\strutbox@=\box28
\big@size=\dimen115
LaTeX Font Info:    Redeclaring font encoding OML on input line 630.
LaTeX Font Info:    Redeclaring font encoding OMS on input line 631.
\macc@depth=\count148
\c@MaxMatrixCols=\count149
\dotsspace@=\muskip10
\c@parentequation=\count150
\dspbrk@lvl=\count151
\tag@help=\toks18
\row@=\count152
\column@=\count153
\maxfields@=\count154
\andhelp@=\toks19
\eqnshift@=\dimen116
\alignsep@=\dimen117
\tagshift@=\dimen118
\tagwidth@=\dimen119
\totwidth@=\dimen120
\lineht@=\dimen121
\@envbody=\toks20
\multlinegap=\skip72
\multlinetaggap=\skip73
\mathdisplay@stack=\toks21
LaTeX Info: Redefining \[ on input line 2735.
LaTeX Info: Redefining \] on input line 2736.
)
(/usr/share/texlive/texmf-dist/tex/latex/amsfonts/amsfonts.sty
Package: amsfonts 2013/01/14 v3.01 Basic AMSFonts support
\symAMSa=\mathgroup4
\symAMSb=\mathgroup5
LaTeX Font Info:    Overwriting math alphabet `\mathfrak' in version `bold'
(Font)                  U/euf/m/n --> U/euf/b/n on input line 106.
)
(/usr/share/texlive/texmf-dist/tex/latex/float/float.sty
Package: float 2001/11/08 v1.3d Float enhancements (AL)
\c@float@type=\count155
\float@exts=\toks22
\float@box=\box29
\@float@everytoks=\toks23
\@floatcapt=\box30
)
(/usr/share/texlive/texmf-dist/tex/latex/caption/caption.sty
Package: caption 2016/02/21 v3.3-144 Customizing captions (AR)

(/usr/share/texlive/texmf-dist/tex/latex/caption/caption3.sty
Package: caption3 2016/02/04 v1.7-139 caption3 kernel (AR)
Package caption3 Info: TeX engine: e-TeX on input line 67.
\captionmargin=\dimen122
\captionmargin@=\dimen123
\captionwidth=\dimen124
\caption@tempdima=\dimen125
\caption@indent=\dimen126
\caption@parindent=\dimen127
\caption@hangindent=\dimen128
)
\c@ContinuedFloat=\count156
Package caption Info: float package is loaded.
)
(/usr/share/texlive/texmf-dist/tex/latex/wasysym/wasysym.sty
Package: wasysym 2003/10/30 v2.0 Wasy-2 symbol support package
\symwasy=\mathgroup6
LaTeX Font Info:    Overwriting symbol font `wasy' in version `bold'
(Font)                  U/wasy/m/n --> U/wasy/b/n on input line 90.
)
(/usr/share/texlive/texmf-dist/tex/latex/pgf/frontendlayer/tikz.sty
(/usr/share/texlive/texmf-dist/tex/latex/pgf/basiclayer/pgf.sty
(/usr/share/texlive/texmf-dist/tex/latex/pgf/utilities/pgfrcs.sty
(/usr/share/texlive/texmf-dist/tex/generic/pgf/utilities/pgfutil-common.tex
\pgfutil@everybye=\toks24
\pgfutil@tempdima=\dimen129
\pgfutil@tempdimb=\dimen130

(/usr/share/texlive/texmf-dist/tex/generic/pgf/utilities/pgfutil-common-lists.t
ex)) (/usr/share/texlive/texmf-dist/tex/generic/pgf/utilities/pgfutil-latex.def
\pgfutil@abb=\box31
(/usr/share/texlive/texmf-dist/tex/latex/ms/everyshi.sty
Package: everyshi 2001/05/15 v3.00 EveryShipout Package (MS)
))
(/usr/share/texlive/texmf-dist/tex/generic/pgf/utilities/pgfrcs.code.tex
Package: pgfrcs 2015/08/07 v3.0.1a (rcs-revision 1.31)
))
Package: pgf 2015/08/07 v3.0.1a (rcs-revision 1.15)

(/usr/share/texlive/texmf-dist/tex/latex/pgf/basiclayer/pgfcore.sty
(/usr/share/texlive/texmf-dist/tex/latex/pgf/systemlayer/pgfsys.sty
(/usr/share/texlive/texmf-dist/tex/generic/pgf/systemlayer/pgfsys.code.tex
Package: pgfsys 2014/07/09 v3.0.1a (rcs-revision 1.48)

(/usr/share/texlive/texmf-dist/tex/generic/pgf/utilities/pgfkeys.code.tex
\pgfkeys@pathtoks=\toks25
\pgfkeys@temptoks=\toks26

(/usr/share/texlive/texmf-dist/tex/generic/pgf/utilities/pgfkeysfiltered.code.t
ex
\pgfkeys@tmptoks=\toks27
))
\pgf@x=\dimen131
\pgf@y=\dimen132
\pgf@xa=\dimen133
\pgf@ya=\dimen134
\pgf@xb=\dimen135
\pgf@yb=\dimen136
\pgf@xc=\dimen137
\pgf@yc=\dimen138
\w@pgf@writea=\write3
\r@pgf@reada=\read1
\c@pgf@counta=\count157
\c@pgf@countb=\count158
\c@pgf@countc=\count159
\c@pgf@countd=\count160
\t@pgf@toka=\toks28
\t@pgf@tokb=\toks29
\t@pgf@tokc=\toks30
 (/usr/share/texlive/texmf-dist/tex/generic/pgf/systemlayer/pgf.cfg
File: pgf.cfg 2008/05/14  (rcs-revision 1.7)
)
Driver file for pgf: pgfsys-pdftex.def

(/usr/share/texlive/texmf-dist/tex/generic/pgf/systemlayer/pgfsys-pdftex.def
File: pgfsys-pdftex.def 2014/10/11  (rcs-revision 1.35)

(/usr/share/texlive/texmf-dist/tex/generic/pgf/systemlayer/pgfsys-common-pdf.de
f
File: pgfsys-common-pdf.def 2013/10/10  (rcs-revision 1.13)
)))
(/usr/share/texlive/texmf-dist/tex/generic/pgf/systemlayer/pgfsyssoftpath.code.
tex
File: pgfsyssoftpath.code.tex 2013/09/09  (rcs-revision 1.9)
\pgfsyssoftpath@smallbuffer@items=\count161
\pgfsyssoftpath@bigbuffer@items=\count162
)
(/usr/share/texlive/texmf-dist/tex/generic/pgf/systemlayer/pgfsysprotocol.code.
tex
File: pgfsysprotocol.code.tex 2006/10/16  (rcs-revision 1.4)
)) (/usr/share/texlive/texmf-dist/tex/latex/xcolor/xcolor.sty
Package: xcolor 2007/01/21 v2.11 LaTeX color extensions (UK)

(/usr/share/texlive/texmf-dist/tex/latex/latexconfig/color.cfg
File: color.cfg 2007/01/18 v1.5 color configuration of teTeX/TeXLive
)
Package xcolor Info: Driver file: pdftex.def on input line 225.
Package xcolor Info: Model `cmy' substituted by `cmy0' on input line 1337.
Package xcolor Info: Model `hsb' substituted by `rgb' on input line 1341.
Package xcolor Info: Model `RGB' extended on input line 1353.
Package xcolor Info: Model `HTML' substituted by `rgb' on input line 1355.
Package xcolor Info: Model `Hsb' substituted by `hsb' on input line 1356.
Package xcolor Info: Model `tHsb' substituted by `hsb' on input line 1357.
Package xcolor Info: Model `HSB' substituted by `hsb' on input line 1358.
Package xcolor Info: Model `Gray' substituted by `gray' on input line 1359.
Package xcolor Info: Model `wave' substituted by `hsb' on input line 1360.
)
(/usr/share/texlive/texmf-dist/tex/generic/pgf/basiclayer/pgfcore.code.tex
Package: pgfcore 2010/04/11 v3.0.1a (rcs-revision 1.7)

(/usr/share/texlive/texmf-dist/tex/generic/pgf/math/pgfmath.code.tex
(/usr/share/texlive/texmf-dist/tex/generic/pgf/math/pgfmathcalc.code.tex
(/usr/share/texlive/texmf-dist/tex/generic/pgf/math/pgfmathutil.code.tex)
(/usr/share/texlive/texmf-dist/tex/generic/pgf/math/pgfmathparser.code.tex
\pgfmath@dimen=\dimen139
\pgfmath@count=\count163
\pgfmath@box=\box32
\pgfmath@toks=\toks31
\pgfmath@stack@operand=\toks32
\pgfmath@stack@operation=\toks33
)
(/usr/share/texlive/texmf-dist/tex/generic/pgf/math/pgfmathfunctions.code.tex
(/usr/share/texlive/texmf-dist/tex/generic/pgf/math/pgfmathfunctions.basic.code
.tex)
(/usr/share/texlive/texmf-dist/tex/generic/pgf/math/pgfmathfunctions.trigonomet
ric.code.tex)
(/usr/share/texlive/texmf-dist/tex/generic/pgf/math/pgfmathfunctions.random.cod
e.tex)
(/usr/share/texlive/texmf-dist/tex/generic/pgf/math/pgfmathfunctions.comparison
.code.tex)
(/usr/share/texlive/texmf-dist/tex/generic/pgf/math/pgfmathfunctions.base.code.
tex)
(/usr/share/texlive/texmf-dist/tex/generic/pgf/math/pgfmathfunctions.round.code
.tex)
(/usr/share/texlive/texmf-dist/tex/generic/pgf/math/pgfmathfunctions.misc.code.
tex)
(/usr/share/texlive/texmf-dist/tex/generic/pgf/math/pgfmathfunctions.integerari
thmetics.code.tex)))
(/usr/share/texlive/texmf-dist/tex/generic/pgf/math/pgfmathfloat.code.tex
\c@pgfmathroundto@lastzeros=\count164
))
(/usr/share/texlive/texmf-dist/tex/generic/pgf/basiclayer/pgfcorepoints.code.te
x
File: pgfcorepoints.code.tex 2013/10/07  (rcs-revision 1.27)
\pgf@picminx=\dimen140
\pgf@picmaxx=\dimen141
\pgf@picminy=\dimen142
\pgf@picmaxy=\dimen143
\pgf@pathminx=\dimen144
\pgf@pathmaxx=\dimen145
\pgf@pathminy=\dimen146
\pgf@pathmaxy=\dimen147
\pgf@xx=\dimen148
\pgf@xy=\dimen149
\pgf@yx=\dimen150
\pgf@yy=\dimen151
\pgf@zx=\dimen152
\pgf@zy=\dimen153
)
(/usr/share/texlive/texmf-dist/tex/generic/pgf/basiclayer/pgfcorepathconstruct.
code.tex
File: pgfcorepathconstruct.code.tex 2013/10/07  (rcs-revision 1.29)
\pgf@path@lastx=\dimen154
\pgf@path@lasty=\dimen155
)
(/usr/share/texlive/texmf-dist/tex/generic/pgf/basiclayer/pgfcorepathusage.code
.tex
File: pgfcorepathusage.code.tex 2014/11/02  (rcs-revision 1.24)
\pgf@shorten@end@additional=\dimen156
\pgf@shorten@start@additional=\dimen157
)
(/usr/share/texlive/texmf-dist/tex/generic/pgf/basiclayer/pgfcorescopes.code.te
x
File: pgfcorescopes.code.tex 2015/05/08  (rcs-revision 1.46)
\pgfpic=\box33
\pgf@hbox=\box34
\pgf@layerbox@main=\box35
\pgf@picture@serial@count=\count165
)
(/usr/share/texlive/texmf-dist/tex/generic/pgf/basiclayer/pgfcoregraphicstate.c
ode.tex
File: pgfcoregraphicstate.code.tex 2014/11/02  (rcs-revision 1.12)
\pgflinewidth=\dimen158
)
(/usr/share/texlive/texmf-dist/tex/generic/pgf/basiclayer/pgfcoretransformation
s.code.tex
File: pgfcoretransformations.code.tex 2015/08/07  (rcs-revision 1.20)
\pgf@pt@x=\dimen159
\pgf@pt@y=\dimen160
\pgf@pt@temp=\dimen161
)
(/usr/share/texlive/texmf-dist/tex/generic/pgf/basiclayer/pgfcorequick.code.tex
File: pgfcorequick.code.tex 2008/10/09  (rcs-revision 1.3)
)
(/usr/share/texlive/texmf-dist/tex/generic/pgf/basiclayer/pgfcoreobjects.code.t
ex
File: pgfcoreobjects.code.tex 2006/10/11  (rcs-revision 1.2)
)
(/usr/share/texlive/texmf-dist/tex/generic/pgf/basiclayer/pgfcorepathprocessing
.code.tex
File: pgfcorepathprocessing.code.tex 2013/09/09  (rcs-revision 1.9)
)
(/usr/share/texlive/texmf-dist/tex/generic/pgf/basiclayer/pgfcorearrows.code.te
x
File: pgfcorearrows.code.tex 2015/05/14  (rcs-revision 1.43)
\pgfarrowsep=\dimen162
)
(/usr/share/texlive/texmf-dist/tex/generic/pgf/basiclayer/pgfcoreshade.code.tex
File: pgfcoreshade.code.tex 2013/07/15  (rcs-revision 1.15)
\pgf@max=\dimen163
\pgf@sys@shading@range@num=\count166
)
(/usr/share/texlive/texmf-dist/tex/generic/pgf/basiclayer/pgfcoreimage.code.tex
File: pgfcoreimage.code.tex 2013/07/15  (rcs-revision 1.18)

(/usr/share/texlive/texmf-dist/tex/generic/pgf/basiclayer/pgfcoreexternal.code.
tex
File: pgfcoreexternal.code.tex 2014/07/09  (rcs-revision 1.21)
\pgfexternal@startupbox=\box36
))
(/usr/share/texlive/texmf-dist/tex/generic/pgf/basiclayer/pgfcorelayers.code.te
x
File: pgfcorelayers.code.tex 2013/07/18  (rcs-revision 1.7)
)
(/usr/share/texlive/texmf-dist/tex/generic/pgf/basiclayer/pgfcoretransparency.c
ode.tex
File: pgfcoretransparency.code.tex 2013/09/30  (rcs-revision 1.5)
)
(/usr/share/texlive/texmf-dist/tex/generic/pgf/basiclayer/pgfcorepatterns.code.
tex
File: pgfcorepatterns.code.tex 2013/11/07  (rcs-revision 1.5)
)))
(/usr/share/texlive/texmf-dist/tex/generic/pgf/modules/pgfmoduleshapes.code.tex
File: pgfmoduleshapes.code.tex 2014/03/21  (rcs-revision 1.35)
\pgfnodeparttextbox=\box37
) (/usr/share/texlive/texmf-dist/tex/generic/pgf/modules/pgfmoduleplot.code.tex
File: pgfmoduleplot.code.tex 2015/08/03  (rcs-revision 1.13)
)
(/usr/share/texlive/texmf-dist/tex/latex/pgf/compatibility/pgfcomp-version-0-65
.sty
Package: pgfcomp-version-0-65 2007/07/03 v3.0.1a (rcs-revision 1.7)
\pgf@nodesepstart=\dimen164
\pgf@nodesepend=\dimen165
)
(/usr/share/texlive/texmf-dist/tex/latex/pgf/compatibility/pgfcomp-version-1-18
.sty
Package: pgfcomp-version-1-18 2007/07/23 v3.0.1a (rcs-revision 1.1)
)) (/usr/share/texlive/texmf-dist/tex/latex/pgf/utilities/pgffor.sty
(/usr/share/texlive/texmf-dist/tex/latex/pgf/utilities/pgfkeys.sty
(/usr/share/texlive/texmf-dist/tex/generic/pgf/utilities/pgfkeys.code.tex))
(/usr/share/texlive/texmf-dist/tex/latex/pgf/math/pgfmath.sty
(/usr/share/texlive/texmf-dist/tex/generic/pgf/math/pgfmath.code.tex))
(/usr/share/texlive/texmf-dist/tex/generic/pgf/utilities/pgffor.code.tex
Package: pgffor 2013/12/13 v3.0.1a (rcs-revision 1.25)

(/usr/share/texlive/texmf-dist/tex/generic/pgf/math/pgfmath.code.tex)
\pgffor@iter=\dimen166
\pgffor@skip=\dimen167
\pgffor@stack=\toks34
\pgffor@toks=\toks35
))
(/usr/share/texlive/texmf-dist/tex/generic/pgf/frontendlayer/tikz/tikz.code.tex
Package: tikz 2015/08/07 v3.0.1a (rcs-revision 1.151)

(/usr/share/texlive/texmf-dist/tex/generic/pgf/libraries/pgflibraryplothandlers
.code.tex
File: pgflibraryplothandlers.code.tex 2013/08/31 v3.0.1a (rcs-revision 1.20)
\pgf@plot@mark@count=\count167
\pgfplotmarksize=\dimen168
)
\tikz@lastx=\dimen169
\tikz@lasty=\dimen170
\tikz@lastxsaved=\dimen171
\tikz@lastysaved=\dimen172
\tikzleveldistance=\dimen173
\tikzsiblingdistance=\dimen174
\tikz@figbox=\box38
\tikz@figbox@bg=\box39
\tikz@tempbox=\box40
\tikz@tempbox@bg=\box41
\tikztreelevel=\count168
\tikznumberofchildren=\count169
\tikznumberofcurrentchild=\count170
\tikz@fig@count=\count171

(/usr/share/texlive/texmf-dist/tex/generic/pgf/modules/pgfmodulematrix.code.tex
File: pgfmodulematrix.code.tex 2013/09/17  (rcs-revision 1.8)
\pgfmatrixcurrentrow=\count172
\pgfmatrixcurrentcolumn=\count173
\pgf@matrix@numberofcolumns=\count174
)
\tikz@expandcount=\count175

(/usr/share/texlive/texmf-dist/tex/generic/pgf/frontendlayer/tikz/libraries/tik
zlibrarytopaths.code.tex
File: tikzlibrarytopaths.code.tex 2008/06/17 v3.0.1a (rcs-revision 1.2)
)))
(/usr/share/texlive/texmf-dist/tex/latex/caption/subcaption.sty
Package: subcaption 2016/02/20 v1.1-142 Sub-captions (AR)
\c@subfigure=\count176
\c@subtable=\count177
)
(/usr/share/texlive/texmf-dist/tex/latex/makecell/makecell.sty
Package: makecell 2009/08/03 V0.1e Managing of Tab Column Heads and Cells

(/usr/share/texlive/texmf-dist/tex/latex/tools/array.sty
Package: array 2014/10/28 v2.4c Tabular extension package (FMi)
\col@sep=\dimen175
\extrarowheight=\dimen176
\NC@list=\toks36
\extratabsurround=\skip74
\backup@length=\skip75
)
\rotheadsize=\dimen177
\c@nlinenum=\count178
\TeXr@lab=\toks37
)
(/usr/share/texlive/texmf-dist/tex/latex/appendix/appendix.sty
Package: appendix 2009/09/02 v1.2b extra appendix facilities
\c@@pps=\count179
\c@@ppsavesec=\count180
\c@@ppsaveapp=\count181
)
(/usr/share/texlive/texmf-dist/tex/latex/tools/longtable.sty
Package: longtable 2014/10/28 v4.11 Multi-page Table package (DPC)
\LTleft=\skip76
\LTright=\skip77
\LTpre=\skip78
\LTpost=\skip79
\LTchunksize=\count182
\LTcapwidth=\dimen178
\LT@head=\box42
\LT@firsthead=\box43
\LT@foot=\box44
\LT@lastfoot=\box45
\LT@cols=\count183
\LT@rows=\count184
\c@LT@tables=\count185
\c@LT@chunks=\count186
\LT@p@ftn=\toks38
)
(/usr/share/texlive/texmf-dist/tex/latex/cprotect/cprotect.sty
Package: cprotect 2011/01/27 v1.0e (Bruno Le Floch)

(/usr/share/texlive/texmf-dist/tex/latex/base/ifthen.sty
Package: ifthen 2014/09/29 v1.1c Standard LaTeX ifthen package (DPC)
)
(/usr/share/texlive/texmf-dist/tex/latex/bigfoot/suffix.sty
Package: suffix 2006/07/15 1.5a Variant command support
)
\CPT@WriteOut=\write4
\c@CPT@WriteCount=\count187
\c@CPT@numB=\count188
\CPT@commandatend@toks=\toks39
)
(/usr/share/texlive/texmf-dist/tex/latex/cleveref/cleveref.sty
Package: cleveref 2013/12/28 v0.19 Intelligent cross-referencing
)
(./Short description.aux)
\openout1 = `"Short description.aux"'.

LaTeX Font Info:    Checking defaults for OML/cmm/m/it on input line 22.
LaTeX Font Info:    ... okay on input line 22.
LaTeX Font Info:    Checking defaults for T1/cmr/m/n on input line 22.
LaTeX Font Info:    ... okay on input line 22.
LaTeX Font Info:    Checking defaults for OT1/cmr/m/n on input line 22.
LaTeX Font Info:    ... okay on input line 22.
LaTeX Font Info:    Checking defaults for OMS/cmsy/m/n on input line 22.
LaTeX Font Info:    ... okay on input line 22.
LaTeX Font Info:    Checking defaults for OMX/cmex/m/n on input line 22.
LaTeX Font Info:    ... okay on input line 22.
LaTeX Font Info:    Checking defaults for U/cmr/m/n on input line 22.
LaTeX Font Info:    ... okay on input line 22.

*geometry* driver: auto-detecting
*geometry* detected driver: pdftex
*geometry* verbose mode - [ preamble ] result:
* driver: pdftex
* paper: custom
* layout: <same size as paper>
* layoutoffset:(h,v)=(0.0pt,0.0pt)
* modes: twoside 
* h-part:(L,W,R)=(61.45856pt, 358.50314pt, 92.1879pt)
* v-part:(T,H,B)=(101.40665pt, 591.5302pt, 152.11pt)
* \paperwidth=512.1496pt
* \paperheight=845.04684pt
* \textwidth=358.50314pt
* \textheight=591.5302pt
* \oddsidemargin=-10.81143pt
* \evensidemargin=19.91791pt
* \topmargin=-0.93083pt
* \headheight=12.0pt
* \headsep=18.06749pt
* \topskip=10.0pt
* \footskip=25.29494pt
* \marginparwidth=115.0pt
* \marginparsep=7.0pt
* \columnsep=10.0pt
* \skip\footins=9.0pt plus 4.0pt minus 2.0pt
* \hoffset=0.0pt
* \voffset=0.0pt
* \mag=1000
* \@twocolumnfalse
* \@twosidetrue
* \@mparswitchtrue
* \@reversemarginfalse
* (1in=72.27pt=25.4mm, 1cm=28.453pt)


Package layouts Warning: Layout scale set to 0.5 on input line 22.

(/usr/share/texlive/texmf-dist/tex/context/base/supp-pdf.mkii
[Loading MPS to PDF converter (version 2006.09.02).]
\scratchcounter=\count189
\scratchdimen=\dimen179
\scratchbox=\box46
\nofMPsegments=\count190
\nofMParguments=\count191
\everyMPshowfont=\toks40
\MPscratchCnt=\count192
\MPscratchDim=\dimen180
\MPnumerator=\count193
\makeMPintoPDFobject=\count194
\everyMPtoPDFconversion=\toks41
) (/usr/share/texlive/texmf-dist/tex/generic/oberdiek/pdftexcmds.sty
Package: pdftexcmds 2011/11/29 v0.20 Utility functions of pdfTeX for LuaTeX (HO
)

(/usr/share/texlive/texmf-dist/tex/generic/oberdiek/ifluatex.sty
Package: ifluatex 2010/03/01 v1.3 Provides the ifluatex switch (HO)
Package ifluatex Info: LuaTeX not detected.
)
Package pdftexcmds Info: LuaTeX not detected.
Package pdftexcmds Info: \pdf@primitive is available.
Package pdftexcmds Info: \pdf@ifprimitive is available.
Package pdftexcmds Info: \pdfdraftmode found.
)
(/usr/share/texlive/texmf-dist/tex/latex/oberdiek/epstopdf-base.sty
Package: epstopdf-base 2010/02/09 v2.5 Base part for package epstopdf

(/usr/share/texlive/texmf-dist/tex/latex/oberdiek/grfext.sty
Package: grfext 2010/08/19 v1.1 Manage graphics extensions (HO)

(/usr/share/texlive/texmf-dist/tex/generic/oberdiek/kvdefinekeys.sty
Package: kvdefinekeys 2011/04/07 v1.3 Define keys (HO)
))
(/usr/share/texlive/texmf-dist/tex/latex/oberdiek/kvoptions.sty
Package: kvoptions 2011/06/30 v3.11 Key value format for package options (HO)

(/usr/share/texlive/texmf-dist/tex/generic/oberdiek/kvsetkeys.sty
Package: kvsetkeys 2012/04/25 v1.16 Key value parser (HO)

(/usr/share/texlive/texmf-dist/tex/generic/oberdiek/etexcmds.sty
Package: etexcmds 2011/02/16 v1.5 Avoid name clashes with e-TeX commands (HO)
Package etexcmds Info: Could not find \expanded.
(etexcmds)             That can mean that you are not using pdfTeX 1.50 or
(etexcmds)             that some package has redefined \expanded.
(etexcmds)             In the latter case, load this package earlier.
)))
Package grfext Info: Graphics extension search list:
(grfext)             [.png,.pdf,.jpg,.mps,.jpeg,.jbig2,.jb2,.PNG,.PDF,.JPG,.JPE
G,.JBIG2,.JB2,.eps]
(grfext)             \AppendGraphicsExtensions on input line 452.

(/usr/share/texlive/texmf-dist/tex/latex/latexconfig/epstopdf-sys.cfg
File: epstopdf-sys.cfg 2010/07/13 v1.3 Configuration of (r)epstopdf for TeX Liv
e
))
Package caption Info: Begin \AtBeginDocument code.
Package caption Info: longtable package is loaded.

(/usr/share/texlive/texmf-dist/tex/latex/caption/ltcaption.sty
Package: ltcaption 2013/06/09 v1.4-94 longtable captions (AR)
)
Package caption Info: End \AtBeginDocument code.

ABD: EveryShipout initializing macros [1{/var/lib/texmf/fonts/map/pdftex/updmap
/pdftex.map}

] [2

]
LaTeX Font Info:    Try loading font information for U+msa on input line 31.
 (/usr/share/texlive/texmf-dist/tex/latex/amsfonts/umsa.fd
File: umsa.fd 2013/01/14 v3.01 AMS symbols A
)
LaTeX Font Info:    Try loading font information for U+msb on input line 31.

(/usr/share/texlive/texmf-dist/tex/latex/amsfonts/umsb.fd
File: umsb.fd 2013/01/14 v3.01 AMS symbols B
)
LaTeX Font Info:    Try loading font information for U+wasy on input line 31.

(/usr/share/texlive/texmf-dist/tex/latex/wasysym/uwasy.fd
File: uwasy.fd 2003/10/30 v2.0 Wasy-2 symbol font definitions
) [1]
Underfull \hbox (badness 10000) in paragraph at lines 39--40

 []


Underfull \hbox (badness 10000) in paragraph at lines 41--43

 []


Underfull \hbox (badness 10000) in paragraph at lines 44--47

 []


Underfull \hbox (badness 10000) in paragraph at lines 48--49

 []


Underfull \hbox (badness 10000) in paragraph at lines 50--51

 []


Underfull \hbox (badness 10000) in paragraph at lines 52--53

 []

[2]
Missing character: There is no â in font cmr10!
Missing character: There is no € in font cmr10!
Missing character: There is no ˜ in font cmr10!
Missing character: There is no Ã in font cmr10!
Missing character: There is no ¤ in font cmr10!
Missing character: There is no Ã in font cmr10!
Missing character: There is no ¶ in font cmr10!
Missing character: There is no Ã in font cmr10!
Missing character: There is no ¼ in font cmr10!
 [3]
Underfull \hbox (badness 10000) in paragraph at lines 99--101

 []


Overfull \hbox (25.19997pt too wide) in alignment at lines 101--142
 [] [] 
 []


Underfull \vbox (badness 10000) detected at line 142
 []


Overfull \hbox (25.19997pt too wide) in alignment at lines 142--182
 [] [] 
 []


Underfull \hbox (badness 1331) in paragraph at lines 209--210
[]|\OT1/cmr/m/n/10 Translational vec-tor for lo-cal to global map-ping
 []


Overfull \hbox (25.19997pt too wide) in alignment at lines 182--222
 [] [] 
 []

[4]
Overfull \hbox (25.19997pt too wide) in alignment at lines 222--262
 [] [] 
 []


Overfull \hbox (25.19997pt too wide) in alignment at lines 262--285
 [] [] 
 []

[5] [6] (./Short description.lof
Overfull \hbox (3.82947pt too wide) in paragraph at lines 29--29
 [][] []\OT1/cmr/m/n/10 Sparsity pat-terns of con-stituents of $(\OML/cmm/m/it/
10 abs\OT1/cmr/m/n/10 (\OML/cmm/m/it/10 u[] \OMS/cmsy/m/n/10 ^^A \OML/cmm/m/it/
10 n\OT1/cmr/m/n/10 )\OML/cmm/m/it/10 ^^^; ^^^[]\OT1/cmr/m/n/10 )[] + (\OML/cmm
/m/it/10 abs\OT1/cmr/m/n/10 (\OML/cmm/m/it/10 u[] \OMS/cmsy/m/n/10 ^^A 
 []

[7

])
\tf@lof=\write5
\openout5 = `"Short description.lof"'.

 [8] (./Short description.lot (./Short description-1.cpt)
(./Short description-2.cpt) (./Short description-3.cpt))
\tf@lot=\write6
\openout6 = `"Short description.lot"'.

 [9

] [10

]
(./Short description.toc [11] [12])
\tf@toc=\write7
\openout7 = `"Short description.toc"'.

 [13] [14

]
Chapter 1.
[15] [16

]
Chapter 2.
[17]
Underfull \hbox (badness 10000) in paragraph at lines 345--349

 []


Underfull \hbox (badness 10000) in paragraph at lines 361--362

 []


Underfull \hbox (badness 10000) in paragraph at lines 373--383

 []

[18]
Underfull \hbox (badness 10000) in paragraph at lines 395--396

 []


Underfull \hbox (badness 10000) in paragraph at lines 399--400

 []


Underfull \hbox (badness 10000) in paragraph at lines 401--402

 []


Underfull \hbox (badness 10000) in paragraph at lines 415--417

 []


Underfull \hbox (badness 10000) in paragraph at lines 418--419

 []

[19] [20]
Chapter 3.
<ch_3_fig_1.jpg, id=90, 318.43968pt x 190.46156pt>
File: ch_3_fig_1.jpg Graphic file (type jpg)
 <use ch_3_fig_1.jpg>
Package pdftex.def Info: ch_3_fig_1.jpg used on input line 430.
(pdftex.def)             Requested size: 358.50314pt x 214.42273pt.

Underfull \vbox (badness 2376) has occurred while \output is active []

 [21

]
[22 <./ch_3_fig_1.jpg>] <domain.jpg, id=97, 243.91125pt x 241.90375pt>
File: domain.jpg Graphic file (type jpg)

<use domain.jpg>
Package pdftex.def Info: domain.jpg used on input line 458.
(pdftex.def)             Requested size: 179.25157pt x 177.77681pt.
 <grid.jpg, id=98, 1540.75626pt x 824.07875pt>
File: grid.jpg Graphic file (type jpg)
 <use grid.jpg>
Package pdftex.def Info: grid.jpg used on input line 463.
(pdftex.def)             Requested size: 179.25157pt x 95.86732pt.

Overfull \hbox (2.22221pt too wide) in paragraph at lines 456--466
[]$[]$ $[]$ 
 []


Underfull \hbox (badness 10000) in paragraph at lines 482--483

 []


Underfull \hbox (badness 10000) in paragraph at lines 484--485

 []

[23 <./domain.jpg> <./grid.jpg>]
<fem_triangle_2.png, id=103, 239.2137pt x 155.1396pt>
File: fem_triangle_2.png Graphic file (type png)
 <use fem_triangle_2.png>
Package pdftex.def Info: fem_triangle_2.png used on input line 497.
(pdftex.def)             Requested size: 358.50314pt x 232.52652pt.

Underfull \vbox (badness 10000) has occurred while \output is active []

 [24]
Overfull \hbox (20.5867pt too wide) in paragraph at lines 502--503
[]\OT1/cmr/m/n/10 Source : http://hplgit.github.io/INF5620/doc/pub/sphinx-fem/.
[]main[]fem009.html 
 []

[25 <./fem_triangle_2.png>]

Package amsmath Warning: Cannot use `split' here;
(amsmath)                trying to recover with `aligned' on input line 526.

[26]
Underfull \hbox (badness 10000) in paragraph at lines 561--567

 []

Missing character: There is no â in font cmr10!
Missing character: There is no € in font cmr10!
Missing character: There is no ¢ in font cmr10!
Missing character: There is no â in font cmr10!
Missing character: There is no € in font cmr10!
Missing character: There is no ¢ in font cmr10!
[27]
Underfull \hbox (badness 10000) in paragraph at lines 620--621

 []


Underfull \hbox (badness 10000) in paragraph at lines 622--624

 []


Underfull \hbox (badness 10000) in paragraph at lines 625--626

 []


Underfull \hbox (badness 10000) in paragraph at lines 634--635

 []


Underfull \hbox (badness 10000) in paragraph at lines 654--656

 []

[28] [29]
Underfull \hbox (badness 10000) in paragraph at lines 757--758

 []

[30]
Underfull \hbox (badness 10000) in paragraph at lines 816--818

 []


Underfull \hbox (badness 10000) in paragraph at lines 819--820

 []


Underfull \hbox (badness 10000) in paragraph at lines 836--837

 []


Underfull \hbox (badness 10000) in paragraph at lines 838--841

 []

[31]
Underfull \hbox (badness 10000) in paragraph at lines 857--858

 []

[32]
Overfull \hbox (1.76653pt too wide) detected at line 910
\OML/cmm/m/it/10 a[]\OT1/cmr/m/n/10 (\OML/cmm/m/it/10 ^^^; ^^^\OT1/cmr/m/n/10 )
 \OMS/cmsy/m/n/10 ^^U [] [] jj\OML/cmm/m/it/10 ^^W[]\OMS/cmsy/m/n/10 r\OML/cmm/
m/it/10 v\OMS/cmsy/m/n/10 jj[] \OT1/cmr/m/n/10 + [] []\OMS/cmsy/m/n/10 jj\OT1/c
mr/m/n/10 [\OML/cmm/m/it/10 v\OT1/cmr/m/n/10 ]\OMS/cmsy/m/n/10 jj[]
 []


Underfull \hbox (badness 10000) in paragraph at lines 919--920

 []


Underfull \hbox (badness 10000) in paragraph at lines 928--929

 []

[33]
Underfull \hbox (badness 10000) in paragraph at lines 1012--1013

 []

[34]
Underfull \hbox (badness 10000) in paragraph at lines 1049--1050

 []


Underfull \hbox (badness 10000) in paragraph at lines 1069--1070

 []


Underfull \hbox (badness 10000) in paragraph at lines 1071--1072

 []


Underfull \hbox (badness 10000) in paragraph at lines 1073--1074

 []


Underfull \hbox (badness 10000) in paragraph at lines 1075--1076

 []


Underfull \hbox (badness 10000) in paragraph at lines 1097--1098

 []


Underfull \hbox (badness 10000) in paragraph at lines 1103--1104

 []

[35]
Underfull \hbox (badness 10000) in paragraph at lines 1114--1115

 []


Underfull \hbox (badness 10000) in paragraph at lines 1120--1121
\OT1/cmr/m/n/10 terms on right hand side of equa-tion $(\OML/cmm/m/it/10 t; ^^^
\OT1/cmr/m/n/10 )[]$, $(\OML/cmm/m/it/10 u[]; ^^^\OT1/cmr/m/n/10 )[]$,
 []


Underfull \hbox (badness 10000) in paragraph at lines 1134--1135

 []


Underfull \hbox (badness 10000) in paragraph at lines 1140--1141

 []

[36]
Underfull \hbox (badness 10000) in paragraph at lines 1146--1148

 []


Underfull \hbox (badness 10000) in paragraph at lines 1149--1150

 []


Underfull \hbox (badness 10000) in paragraph at lines 1151--1152

 []


Underfull \hbox (badness 10000) in paragraph at lines 1164--1167

 []


Underfull \hbox (badness 10000) in paragraph at lines 1168--1169

 []

[37] [38

]
Chapter 4.

Underfull \hbox (badness 10000) in paragraph at lines 1174--1176
\OT1/cmr/m/n/10 http://www.ians.uni-stuttgart.de/MoRePaS/software/rbmatlab/1.16
.09/
 []


Underfull \hbox (badness 10000) in paragraph at lines 1181--1182

 []


Underfull \hbox (badness 10000) in paragraph at lines 1183--1184

 []


Underfull \hbox (badness 10000) in paragraph at lines 1185--1186

 []

\openout4 = `"Short description-1.cpt"'.

(./Short description-1.cpt) (./Short description-1.cpt)
Underfull \hbox (badness 6125) in paragraph at lines 1199--1200
[]|\OT1/cmr/m/n/10 Calculated as per
 []


Underfull \hbox (badness 6125) in paragraph at lines 1201--1202
[]|\OT1/cmr/m/n/10 Calculated as per
 []


Underfull \hbox (badness 10000) in paragraph at lines 1203--1204
[]|\OT1/cmr/m/n/10 Calculated af-ter
 []


Underfull \hbox (badness 10000) in paragraph at lines 1203--1204
\OT1/cmr/m/n/10 solv-ing 3.58[] and
 []


Overfull \hbox (49.99994pt too wide) in paragraph at lines 1191--1208
 [] 
 []

\openout4 = `"Short description-2.cpt"'.

(./Short description-2.cpt) (./Short description-2.cpt)
Underfull \hbox (badness 6125) in paragraph at lines 1223--1224
[]|\OT1/cmr/m/n/10 Calculated as per
 []


Underfull \hbox (badness 6125) in paragraph at lines 1225--1226
[]|\OT1/cmr/m/n/10 Calculated as per
 []


Underfull \hbox (badness 10000) in paragraph at lines 1227--1228
[]|\OT1/cmr/m/n/10 Calculated af-ter
 []


Underfull \hbox (badness 10000) in paragraph at lines 1227--1228
\OT1/cmr/m/n/10 solv-ing 3.58[] and
 []


Overfull \hbox (49.99994pt too wide) in paragraph at lines 1215--1232
 [] 
 []

\openout4 = `"Short description-3.cpt"'.

(./Short description-3.cpt) (./Short description-3.cpt)
Underfull \hbox (badness 10000) in paragraph at lines 1247--1248
[]|$\OML/cmm/m/it/10 x\OMS/cmsy/m/n/10 ^^@$\OT1/cmr/m/n/10 component of
 []


Underfull \hbox (badness 10000) in paragraph at lines 1249--1250
[]|$\OML/cmm/m/it/10 y\OMS/cmsy/m/n/10 ^^@$\OT1/cmr/m/n/10 component of
 []


Underfull \hbox (badness 10000) in paragraph at lines 1255--1256
[]|\OT1/cmr/m/n/10 Jacobian in-verse
 []


Overfull \hbox (49.99994pt too wide) in paragraph at lines 1239--1258
 [] 
 []


Underfull \hbox (badness 10000) in paragraph at lines 1269--1270
[]|\OT1/cmr/m/n/10 element num-ber,
 []


Underfull \hbox (badness 6859) in paragraph at lines 1271--1272
[]|\OT1/cmr/m/n/10 indices of de-grees
 []


Overfull \hbox (49.99994pt too wide) in paragraph at lines 1265--1274
 [] 
 []


Underfull \hbox (badness 10000) in paragraph at lines 1279--1280

 []

[39] [40] [41]
Underfull \hbox (badness 10000) in paragraph at lines 1293--1294

 []

[42]
Underfull \hbox (badness 10000) in paragraph at lines 1349--1352

 []


Underfull \hbox (badness 10000) in paragraph at lines 1359--1360

 []


Underfull \hbox (badness 10000) in paragraph at lines 1361--1364

 []

[43] [44]
Underfull \hbox (badness 10000) in paragraph at lines 1460--1466

 []


Overfull \hbox (5.14084pt too wide) detected at line 1496
\OML/cmm/m/it/10 res[] \OT1/cmr/m/n/10 = (\OML/cmm/m/it/10  \OT1/cmr/m/n/10 )[]
(\OML/cmm/m/it/10 n \OMS/cmsy/m/n/10 ^^A []\OT1/cmr/m/n/10 )[][] \OML/cmm/m/it/
10 res[] \OT1/cmr/m/n/10 = (\OML/cmm/m/it/10  \OT1/cmr/m/n/10 )[](\OML/cmm/m/it
/10 n \OMS/cmsy/m/n/10 ^^A []\OT1/cmr/m/n/10 )[][] \OML/cmm/m/it/10 res[] \OT1/
cmr/m/n/10 = (\OML/cmm/m/it/10  \OT1/cmr/m/n/10 )[](\OML/cmm/m/it/10 n \OMS/cms
y/m/n/10 ^^A []\OT1/cmr/m/n/10 )[][] \OML/cmm/m/it/10 res[] \OT1/cmr/m/n/10 = (
\OML/cmm/m/it/10  \OT1/cmr/m/n/10 )[](\OML/cmm/m/it/10 n \OMS/cmsy/m/n/10 ^^A [
]\OT1/cmr/m/n/10 )[][] 
 []

[45]
Underfull \hbox (badness 10000) in paragraph at lines 1543--1544

 []


Underfull \hbox (badness 10000) in paragraph at lines 1549--1550

 []


Underfull \hbox (badness 10000) in paragraph at lines 1556--1557

 []

[46] [47]
Underfull \hbox (badness 10000) in paragraph at lines 1617--1619

 []


Underfull \hbox (badness 10000) in paragraph at lines 1641--1643

 []


Underfull \hbox (badness 10000) in paragraph at lines 1667--1668

 []

[48]
Underfull \hbox (badness 10000) in paragraph at lines 1683--1684

 []


Underfull \hbox (badness 10000) in paragraph at lines 1692--1694

 []


Underfull \hbox (badness 10000) in paragraph at lines 1716--1718

 []

[49]
Underfull \hbox (badness 10000) in paragraph at lines 1766--1767

 []

[50]
Underfull \hbox (badness 10000) in paragraph at lines 1789--1791

 []


Underfull \hbox (badness 10000) in paragraph at lines 1810--1811

 []


Underfull \hbox (badness 10000) in paragraph at lines 1820--1821

 []

[51]
Overfull \hbox (6.38548pt too wide) in paragraph at lines 1826--1827
[]\OT1/cmr/m/n/10 We set the Dirich-let and Neu-mann bound-ary val-ues in rou-t
ine []\OT1/cmtt/m/n/10 Dirichlet_values
 []


Underfull \hbox (badness 10000) in paragraph at lines 1838--1839

 []


Underfull \hbox (badness 10000) in paragraph at lines 1844--1845

 []

[52]
Underfull \hbox (badness 10000) in paragraph at lines 1848--1849

 []


Overfull \hbox (8.04126pt too wide) in paragraph at lines 1852--1853
[]\OT1/cmtt/m/n/10 solve_plot_solution_schur \OT1/cmr/m/n/10 is used. The out-p
ut vari-able []\OT1/cmtt/m/n/10 achieved_residual_tol
 []


Underfull \hbox (badness 10000) in paragraph at lines 1852--1853

 []


Overfull \hbox (3.29947pt too wide) in paragraph at lines 1856--1857
[]\OT1/cmtt/m/n/10 params.dof_derivative_analytical \OT1/cmr/m/n/10 and []\OT1/
cmtt/m/n/10 paramsP.dof_derivative_analytical
 []


Underfull \hbox (badness 10000) in paragraph at lines 1856--1857

 []


Overfull \hbox (9.24553pt too wide) in paragraph at lines 1860--1861
\OT1/cmr/m/n/10 We de-fine again solver spe-cific vari-ables []\OT1/cmtt/m/n/10
 tol_newton\OT1/cmr/m/n/10 , []\OT1/cmtt/m/n/10 max_iter_newton\OT1/cmr/m/n/10 
, []\OT1/cmtt/m/n/10 tol_solver\OT1/cmr/m/n/10 ,
 []


Underfull \hbox (badness 10000) in paragraph at lines 1860--1861

 []

[53]
Underfull \hbox (badness 10000) in paragraph at lines 1868--1869

 []


Overfull \hbox (37.59996pt too wide) in paragraph at lines 1873--1900
 [] 
 []

<figure21.jpg, id=210, 562.1pt x 421.575pt>
File: figure21.jpg Graphic file (type jpg)
 <use figure21.jpg>
Package pdftex.def Info: figure21.jpg used on input line 1905.
(pdftex.def)             Requested size: 179.25157pt x 134.43716pt.

<figure22.jpg, id=211, 562.1pt x 421.575pt>
File: figure22.jpg Graphic file (type jpg)
 <use figure22.jpg>
Package pdftex.def Info: figure22.jpg used on input line 1910.
(pdftex.def)             Requested size: 179.25157pt x 134.43716pt.

<figure23.jpg, id=212, 562.1pt x 421.575pt>
File: figure23.jpg Graphic file (type jpg)
 <use figure23.jpg>
Package pdftex.def Info: figure23.jpg used on input line 1915.
(pdftex.def)             Requested size: 179.25157pt x 134.43716pt.

<figure24.jpg, id=213, 562.1pt x 421.575pt>
File: figure24.jpg Graphic file (type jpg)
 <use figure24.jpg>
Package pdftex.def Info: figure24.jpg used on input line 1920.
(pdftex.def)             Requested size: 179.25157pt x 134.43716pt.

<figure2.jpg, id=214, 562.1pt x 421.575pt>
File: figure2.jpg Graphic file (type jpg)
 <use figure2.jpg>
Package pdftex.def Info: figure2.jpg used on input line 1926.
(pdftex.def)             Requested size: 358.50314pt x 268.87433pt.

Underfull \vbox (badness 10000) has occurred while \output is active []

 [54]
Overfull \vbox (77.21846pt too high) has occurred while \output is active []


[55 <./figure21.jpg> <./figure22.jpg> <./figure23.jpg> <./figure24.jpg> <./figu
re2.jpg>] <figure31.jpg, id=226, 562.1pt x 421.575pt>
File: figure31.jpg Graphic file (type jpg)
 <use figure31.jpg>
Package pdftex.def Info: figure31.jpg used on input line 1936.
(pdftex.def)             Requested size: 179.25157pt x 134.43716pt.

<figure32.jpg, id=227, 562.1pt x 421.575pt>
File: figure32.jpg Graphic file (type jpg)
 <use figure32.jpg>
Package pdftex.def Info: figure32.jpg used on input line 1941.
(pdftex.def)             Requested size: 179.25157pt x 134.43716pt.

<figure33.jpg, id=228, 562.1pt x 421.575pt>
File: figure33.jpg Graphic file (type jpg)
 <use figure33.jpg>
Package pdftex.def Info: figure33.jpg used on input line 1946.
(pdftex.def)             Requested size: 179.25157pt x 134.43716pt.

<figure34.jpg, id=229, 562.1pt x 421.575pt>
File: figure34.jpg Graphic file (type jpg)
 <use figure34.jpg>
Package pdftex.def Info: figure34.jpg used on input line 1951.
(pdftex.def)             Requested size: 179.25157pt x 134.43716pt.

<figure3.jpg, id=230, 562.1pt x 421.575pt>
File: figure3.jpg Graphic file (type jpg)
 <use figure3.jpg>
Package pdftex.def Info: figure3.jpg used on input line 1957.
(pdftex.def)             Requested size: 358.50314pt x 268.87433pt.

Overfull \vbox (31.21846pt too high) has occurred while \output is active []


[56 <./figure31.jpg> <./figure32.jpg> <./figure33.jpg> <./figure34.jpg> <./figu
re3.jpg>] <figure41.jpg, id=234, 1540.75626pt x 824.07875pt>
File: figure41.jpg Graphic file (type jpg)

<use figure41.jpg>
Package pdftex.def Info: figure41.jpg used on input line 1967.
(pdftex.def)             Requested size: 179.25157pt x 95.86732pt.
 <figure42.jpg, id=235, 1540.75626pt x 824.07875pt>
File: figure42.jpg Graphic file (type jpg)

<use figure42.jpg>
Package pdftex.def Info: figure42.jpg used on input line 1972.
(pdftex.def)             Requested size: 179.25157pt x 95.86732pt.
 <figure43.jpg, id=236, 562.1pt x 421.575pt>
File: figure43.jpg Graphic file (type jpg)

<use figure43.jpg>
Package pdftex.def Info: figure43.jpg used on input line 1977.
(pdftex.def)             Requested size: 179.25157pt x 134.43716pt.
 <figure44.jpg, id=237, 1540.75626pt x 824.07875pt>
File: figure44.jpg Graphic file (type jpg)

<use figure44.jpg>
Package pdftex.def Info: figure44.jpg used on input line 1982.
(pdftex.def)             Requested size: 179.25157pt x 95.86732pt.
 <figure4.jpg, id=238, 1540.75626pt x 824.07875pt>
File: figure4.jpg Graphic file (type jpg)

<use figure4.jpg>
Package pdftex.def Info: figure4.jpg used on input line 1988.
(pdftex.def)             Requested size: 358.50314pt x 191.73465pt.
 <figure5.jpg, id=239, 1540.75626pt x 824.07875pt>
File: figure5.jpg Graphic file (type jpg)

<use figure5.jpg>
Package pdftex.def Info: figure5.jpg used on input line 1998.
(pdftex.def)             Requested size: 358.50314pt x 191.73465pt.
 <figure6.jpg, id=240, 562.1pt x 421.575pt>
File: figure6.jpg Graphic file (type jpg)
 <use figure6.jpg>
Package pdftex.def Info: figure6.jpg used on input line 2004.
(pdftex.def)             Requested size: 358.50314pt x 268.87433pt.

Underfull \vbox (badness 10000) has occurred while \output is active []

 [57 <./figure41.jpg> <./figure42.jpg> <./figure43.jpg> <./figure44.jpg> <./fig
ure4.jpg>]
<figure7.jpg, id=244, 562.1pt x 421.575pt>
File: figure7.jpg Graphic file (type jpg)
 <use figure7.jpg>
Package pdftex.def Info: figure7.jpg used on input line 2010.
(pdftex.def)             Requested size: 358.50314pt x 268.87433pt.

<figure1.jpg, id=245, 1540.75626pt x 824.07875pt>
File: figure1.jpg Graphic file (type jpg)
 <use figure1.jpg>
Package pdftex.def Info: figure1.jpg used on input line 2016.
(pdftex.def)             Requested size: 358.50314pt x 191.73465pt.

Underfull \vbox (badness 10000) has occurred while \output is active []

 [58 <./figure5.jpg> <./figure6.jpg>] <figure81.jpg, id=249, 1540.75626pt x 824
.07875pt>
File: figure81.jpg Graphic file (type jpg)

<use figure81.jpg>
Package pdftex.def Info: figure81.jpg used on input line 2023.
(pdftex.def)             Requested size: 358.50314pt x 191.73465pt.
 <figure82.jpg, id=250, 1540.75626pt x 824.07875pt>
File: figure82.jpg Graphic file (type jpg)

<use figure82.jpg>
Package pdftex.def Info: figure82.jpg used on input line 2029.
(pdftex.def)             Requested size: 358.50314pt x 191.73465pt.
 <figure8.jpg, id=251, 1540.75626pt x 824.07875pt>
File: figure8.jpg Graphic file (type jpg)

<use figure8.jpg>
Package pdftex.def Info: figure8.jpg used on input line 2035.
(pdftex.def)             Requested size: 358.50314pt x 191.73465pt.

Underfull \vbox (badness 10000) has occurred while \output is active []

 [59 <./figure7.jpg> <./figure1.jpg>]
Overfull \vbox (70.67375pt too high) has occurred while \output is active []


[60 <./figure81.jpg> <./figure82.jpg> <./figure8.jpg>]
<figure91.jpg, id=259, 1540.75626pt x 824.07875pt>
File: figure91.jpg Graphic file (type jpg)
 <use figure91.jpg>
Package pdftex.def Info: figure91.jpg used on input line 2046.
(pdftex.def)             Requested size: 358.50314pt x 191.73465pt.

<figure92.jpg, id=260, 1540.75626pt x 824.07875pt>
File: figure92.jpg Graphic file (type jpg)
 <use figure92.jpg>
Package pdftex.def Info: figure92.jpg used on input line 2052.
(pdftex.def)             Requested size: 358.50314pt x 191.73465pt.

<figure9.jpg, id=261, 1540.75626pt x 824.07875pt>
File: figure9.jpg Graphic file (type jpg)
 <use figure9.jpg>
Package pdftex.def Info: figure9.jpg used on input line 2058.
(pdftex.def)             Requested size: 358.50314pt x 191.73465pt.

Overfull \vbox (70.67375pt too high) has occurred while \output is active []


[61 <./figure91.jpg> <./figure92.jpg> <./figure9.jpg>] [62

]
Chapter 5.

Underfull \hbox (badness 10000) in paragraph at lines 2094--2095

 []

[63]
Underfull \hbox (badness 10000) in paragraph at lines 2096--2097

 []


Underfull \hbox (badness 10000) in paragraph at lines 2098--2099

 []


Underfull \hbox (badness 10000) in paragraph at lines 2100--2101

 []


Underfull \hbox (badness 10000) in paragraph at lines 2102--2103

 []


Underfull \hbox (badness 10000) in paragraph at lines 2123--2124

 []


Underfull \hbox (badness 10000) in paragraph at lines 2125--2126

 []

[64] <l2_velocity_stokes.jpg, id=274, 4005.96625pt x 2066.72125pt>
File: l2_velocity_stokes.jpg Graphic file (type jpg)

<use l2_velocity_stokes.jpg>
Package pdftex.def Info: l2_velocity_stokes.jpg used on input line 2151.
(pdftex.def)             Requested size: 358.50314pt x 184.9562pt.

<l2_pressure_stokes.jpg, id=275, 903.375pt x 627.34375pt>
File: l2_pressure_stokes.jpg Graphic file (type jpg)

<use l2_pressure_stokes.jpg>
Package pdftex.def Info: l2_pressure_stokes.jpg used on input line 2156.
(pdftex.def)             Requested size: 358.50314pt x 248.96112pt.

<l2_velocity_log_stokes.jpg, id=276, 4005.96625pt x 2066.72125pt>
File: l2_velocity_log_stokes.jpg Graphic file (type jpg)

<use l2_velocity_log_stokes.jpg>
Package pdftex.def Info: l2_velocity_log_stokes.jpg used on input line 2163.
(pdftex.def)             Requested size: 358.50314pt x 184.9562pt.

<l2_pressure_log_stokes.jpg, id=277, 4005.96625pt x 2066.72125pt>
File: l2_pressure_log_stokes.jpg Graphic file (type jpg)

<use l2_pressure_log_stokes.jpg>
Package pdftex.def Info: l2_pressure_log_stokes.jpg used on input line 2168.
(pdftex.def)             Requested size: 358.50314pt x 184.9562pt.

<h0_velocity_stokes.jpg, id=278, 4005.96625pt x 2066.72125pt>
File: h0_velocity_stokes.jpg Graphic file (type jpg)

<use h0_velocity_stokes.jpg>
Package pdftex.def Info: h0_velocity_stokes.jpg used on input line 2177.
(pdftex.def)             Requested size: 358.50314pt x 184.9562pt.

<h0_pressure_stokes.jpg, id=279, 4005.96625pt x 2066.72125pt>
File: h0_pressure_stokes.jpg Graphic file (type jpg)

<use h0_pressure_stokes.jpg>
Package pdftex.def Info: h0_pressure_stokes.jpg used on input line 2182.
(pdftex.def)             Requested size: 358.50314pt x 184.9562pt.

<h0_velocity_log_stokes.jpg, id=280, 4005.96625pt x 2066.72125pt>
File: h0_velocity_log_stokes.jpg Graphic file (type jpg)

<use h0_velocity_log_stokes.jpg>
Package pdftex.def Info: h0_velocity_log_stokes.jpg used on input line 2189.
(pdftex.def)             Requested size: 358.50314pt x 184.9562pt.

<h0_pressure_log_stokes.jpg, id=281, 4005.96625pt x 2066.72125pt>
File: h0_pressure_log_stokes.jpg Graphic file (type jpg)

<use h0_pressure_log_stokes.jpg>
Package pdftex.def Info: h0_pressure_log_stokes.jpg used on input line 2194.
(pdftex.def)             Requested size: 358.50314pt x 184.9562pt.

<lid_bicgstab_vx.jpg, id=282, 2406.9925pt x 1287.81125pt>
File: lid_bicgstab_vx.jpg Graphic file (type jpg)

<use lid_bicgstab_vx.jpg>
Package pdftex.def Info: lid_bicgstab_vx.jpg used on input line 2203.
(pdftex.def)             Requested size: 240.19644pt x 128.49391pt.

<lid_bicgstab_vy.jpg, id=283, 878.28125pt x 658.46pt>
File: lid_bicgstab_vy.jpg Graphic file (type jpg)

<use lid_bicgstab_vy.jpg>
Package pdftex.def Info: lid_bicgstab_vy.jpg used on input line 2209.
(pdftex.def)             Requested size: 240.19644pt x 180.07735pt.

<lid_bicgstab_pressure.jpg, id=284, 878.28125pt x 658.46pt>
File: lid_bicgstab_pressure.jpg Graphic file (type jpg)

<use lid_bicgstab_pressure.jpg>
Package pdftex.def Info: lid_bicgstab_pressure.jpg used on input line 2215.
(pdftex.def)             Requested size: 240.19644pt x 180.07735pt.

Underfull \hbox (badness 5504) in paragraph at lines 2218--2218
[]\OT1/cmr/m/n/10 Figure 5.7: |Pres-sure
 []

<lid_minres_vx.jpg, id=285, 878.28125pt x 658.46pt>
File: lid_minres_vx.jpg Graphic file (type jpg)
 <use lid_minres_vx.jpg>
Package pdftex.def Info: lid_minres_vx.jpg used on input line 2225.
(pdftex.def)             Requested size: 240.19644pt x 180.07735pt.

<lid_minres_vy.jpg, id=286, 878.28125pt x 658.46pt>
File: lid_minres_vy.jpg Graphic file (type jpg)
 <use lid_minres_vy.jpg>
Package pdftex.def Info: lid_minres_vy.jpg used on input line 2231.
(pdftex.def)             Requested size: 240.19644pt x 180.07735pt.

<lid_minres_pressure.jpg, id=287, 878.28125pt x 658.46pt>
File: lid_minres_pressure.jpg Graphic file (type jpg)

<use lid_minres_pressure.jpg>
Package pdftex.def Info: lid_minres_pressure.jpg used on input line 2237.
(pdftex.def)             Requested size: 240.19644pt x 180.07735pt.

Underfull \hbox (badness 2205) in paragraph at lines 2240--2240
[]\OT1/cmr/m/n/10 Figure 5.11: |Pres-sure
 []

<lid_schur_vx.jpg, id=288, 878.28125pt x 658.46pt>
File: lid_schur_vx.jpg Graphic file (type jpg)
 <use lid_schur_vx.jpg>
Package pdftex.def Info: lid_schur_vx.jpg used on input line 2247.
(pdftex.def)             Requested size: 240.19644pt x 180.07735pt.

Underfull \hbox (badness 1571) in paragraph at lines 2250--2250
\OT1/cmr/m/n/10 ity (Schur com-ple-ment
 []

<lid_schur_vy.jpg, id=289, 878.28125pt x 658.46pt>
File: lid_schur_vy.jpg Graphic file (type jpg)
 <use lid_schur_vy.jpg>
Package pdftex.def Info: lid_schur_vy.jpg used on input line 2253.
(pdftex.def)             Requested size: 240.19644pt x 180.07735pt.

Underfull \hbox (badness 1571) in paragraph at lines 2256--2256
\OT1/cmr/m/n/10 ity (Schur com-ple-ment
 []

<lid_schur_pressure.jpg, id=290, 894.34125pt x 705.63625pt>
File: lid_schur_pressure.jpg Graphic file (type jpg)

<use lid_schur_pressure.jpg>
Package pdftex.def Info: lid_schur_pressure.jpg used on input line 2259.
(pdftex.def)             Requested size: 240.19644pt x 189.51222pt.

Underfull \hbox (badness 2205) in paragraph at lines 2262--2262
[]\OT1/cmr/m/n/10 Figure 5.15: |Pres-sure
 []


Underfull \hbox (badness 10000) in paragraph at lines 2262--2262
\OT1/cmr/m/n/10 (Schur com-ple-ment
 []

<cylinder_bicgstab_vx.jpg, id=291, 878.28125pt x 658.46pt>
File: cylinder_bicgstab_vx.jpg Graphic file (type jpg)

<use cylinder_bicgstab_vx.jpg>
Package pdftex.def Info: cylinder_bicgstab_vx.jpg used on input line 2269.
(pdftex.def)             Requested size: 240.19644pt x 180.07735pt.

<cylinder_bicgstab_vy.jpg, id=292, 894.34125pt x 705.63625pt>
File: cylinder_bicgstab_vy.jpg Graphic file (type jpg)

<use cylinder_bicgstab_vy.jpg>
Package pdftex.def Info: cylinder_bicgstab_vy.jpg used on input line 2276.
(pdftex.def)             Requested size: 240.19644pt x 189.51222pt.

<cylinder_bicgstab_pressure.jpg, id=293, 878.28125pt x 658.46pt>
File: cylinder_bicgstab_pressure.jpg Graphic file (type jpg)

<use cylinder_bicgstab_pressure.jpg>
Package pdftex.def Info: cylinder_bicgstab_pressure.jpg used on input line 2283
.
(pdftex.def)             Requested size: 240.19644pt x 180.07735pt.

Underfull \hbox (badness 2205) in paragraph at lines 2286--2286
[]\OT1/cmr/m/n/10 Figure 5.19: |Pres-sure
 []

<cylinder_minres_vx.jpg, id=294, 878.28125pt x 658.46pt>
File: cylinder_minres_vx.jpg Graphic file (type jpg)

<use cylinder_minres_vx.jpg>
Package pdftex.def Info: cylinder_minres_vx.jpg used on input line 2294.
(pdftex.def)             Requested size: 240.19644pt x 180.07735pt.

<cylinder_minres_vy.jpg, id=295, 878.28125pt x 658.46pt>
File: cylinder_minres_vy.jpg Graphic file (type jpg)

<use cylinder_minres_vy.jpg>
Package pdftex.def Info: cylinder_minres_vy.jpg used on input line 2301.
(pdftex.def)             Requested size: 240.19644pt x 180.07735pt.

<cylinder_minres_pressure.jpg, id=296, 862.22125pt x 611.28375pt>
File: cylinder_minres_pressure.jpg Graphic file (type jpg)

<use cylinder_minres_pressure.jpg>
Package pdftex.def Info: cylinder_minres_pressure.jpg used on input line 2308.
(pdftex.def)             Requested size: 240.19644pt x 170.2815pt.

Underfull \hbox (badness 2205) in paragraph at lines 2311--2311
[]\OT1/cmr/m/n/10 Figure 5.23: |Pres-sure
 []

<cylinder_schur_vx.jpg, id=297, 878.28125pt x 658.46pt>
File: cylinder_schur_vx.jpg Graphic file (type jpg)

<use cylinder_schur_vx.jpg>
Package pdftex.def Info: cylinder_schur_vx.jpg used on input line 2319.
(pdftex.def)             Requested size: 240.19644pt x 180.07735pt.

Underfull \hbox (badness 1571) in paragraph at lines 2322--2322
\OT1/cmr/m/n/10 ity (Schur com-ple-ment
 []

<cylinder_schur_vy.jpg, id=298, 862.22125pt x 611.28375pt>
File: cylinder_schur_vy.jpg Graphic file (type jpg)

<use cylinder_schur_vy.jpg>
Package pdftex.def Info: cylinder_schur_vy.jpg used on input line 2326.
(pdftex.def)             Requested size: 240.19644pt x 170.2815pt.

Underfull \hbox (badness 1571) in paragraph at lines 2329--2329
\OT1/cmr/m/n/10 ity (Schur com-ple-ment
 []

<cylinder_schur_pressure.jpg, id=299, 878.28125pt x 658.46pt>
File: cylinder_schur_pressure.jpg Graphic file (type jpg)

<use cylinder_schur_pressure.jpg>
Package pdftex.def Info: cylinder_schur_pressure.jpg used on input line 2333.
(pdftex.def)             Requested size: 240.19644pt x 180.07735pt.

Underfull \hbox (badness 2205) in paragraph at lines 2336--2336
[]\OT1/cmr/m/n/10 Figure 5.27: |Pres-sure
 []


Underfull \hbox (badness 10000) in paragraph at lines 2336--2336
\OT1/cmr/m/n/10 (Schur com-ple-ment
 []

[65] [66 <./l2_velocity_stokes.jpg> <./l2_pressure_stokes.jpg>] [67 <./l2_veloc
ity_log_stokes.jpg> <./l2_pressure_log_stokes.jpg>] [68 <./h0_velocity_stokes.j
pg> <./h0_pressure_stokes.jpg>] [69 <./h0_velocity_log_stokes.jpg> <./h0_pressu
re_log_stokes.jpg>] [70 <./lid_bicgstab_vx.jpg> <./lid_bicgstab_vy.jpg> <./lid_
bicgstab_pressure.jpg>] [71 <./lid_minres_vx.jpg> <./lid_minres_vy.jpg> <./lid_
minres_pressure.jpg>] [72 <./lid_schur_vx.jpg> <./lid_schur_vy.jpg> <./lid_schu
r_pressure.jpg>] [73 <./cylinder_bicgstab_vx.jpg> <./cylinder_bicgstab_vy.jpg> 
<./cylinder_bicgstab_pressure.jpg>] [74 <./cylinder_minres_vx.jpg> <./cylinder_
minres_vy.jpg> <./cylinder_minres_pressure.jpg>] [75 <./cylinder_schur_vx.jpg> 
<./cylinder_schur_vy.jpg> <./cylinder_schur_pressure.jpg>]
<grid_penalty_parameter.jpg, id=335, 572.1375pt x 451.6875pt>
File: grid_penalty_parameter.jpg Graphic file (type jpg)

<use grid_penalty_parameter.jpg>
Package pdftex.def Info: grid_penalty_parameter.jpg used on input line 2351.
(pdftex.def)             Requested size: 358.50314pt x 283.02766pt.

<penalty_condition_number.jpg, id=336, 1540.75626pt x 824.07875pt>
File: penalty_condition_number.jpg Graphic file (type jpg)

<use penalty_condition_number.jpg>
Package pdftex.def Info: penalty_condition_number.jpg used on input line 2356.
(pdftex.def)             Requested size: 358.50314pt x 191.73465pt.

Underfull \hbox (badness 10000) in paragraph at lines 2391--2392

 []


Underfull \hbox (badness 10000) in paragraph at lines 2393--2394

 []

[76] [77 <./grid_penalty_parameter.jpg> <./penalty_condition_number.jpg>]
<L2_convergence_velocity_n_s.jpg, id=344, 878.28125pt x 658.46pt>
File: L2_convergence_velocity_n_s.jpg Graphic file (type jpg)

<use L2_convergence_velocity_n_s.jpg>
Package pdftex.def Info: L2_convergence_velocity_n_s.jpg used on input line 240
5.
(pdftex.def)             Requested size: 358.50314pt x 268.77472pt.

<L2_convergence_pressure_n_s.jpg, id=345, 894.34125pt x 705.63625pt>
File: L2_convergence_pressure_n_s.jpg Graphic file (type jpg)

<use L2_convergence_pressure_n_s.jpg>
Package pdftex.def Info: L2_convergence_pressure_n_s.jpg used on input line 241
0.
(pdftex.def)             Requested size: 358.50314pt x 282.86322pt.


LaTeX Warning: Float too large for page by 17.10774pt on input line 2415.

<L2_convergence_velocity_n_s_log.jpg, id=346, 878.28125pt x 658.46pt>
File: L2_convergence_velocity_n_s_log.jpg Graphic file (type jpg)

<use L2_convergence_velocity_n_s_log.jpg>
Package pdftex.def Info: L2_convergence_velocity_n_s_log.jpg used on input line
 2418.
(pdftex.def)             Requested size: 358.50314pt x 268.77472pt.

<L2_convergence_pressure_n_s_log.jpg, id=347, 894.34125pt x 705.63625pt>
File: L2_convergence_pressure_n_s_log.jpg Graphic file (type jpg)

<use L2_convergence_pressure_n_s_log.jpg>
Package pdftex.def Info: L2_convergence_pressure_n_s_log.jpg used on input line
 2423.
(pdftex.def)             Requested size: 358.50314pt x 282.86322pt.


LaTeX Warning: Float too large for page by 17.10774pt on input line 2428.

<H0_convergence_velocity_n_s.jpg, id=348, 1540.75626pt x 824.07875pt>
File: H0_convergence_velocity_n_s.jpg Graphic file (type jpg)

<use H0_convergence_velocity_n_s.jpg>
Package pdftex.def Info: H0_convergence_velocity_n_s.jpg used on input line 243
2.
(pdftex.def)             Requested size: 358.50314pt x 191.73465pt.

<H0_convergence_pressure_n_s.jpg, id=349, 1540.75626pt x 824.07875pt>
File: H0_convergence_pressure_n_s.jpg Graphic file (type jpg)

<use H0_convergence_pressure_n_s.jpg>
Package pdftex.def Info: H0_convergence_pressure_n_s.jpg used on input line 243
7.
(pdftex.def)             Requested size: 358.50314pt x 191.73465pt.

<H0_convergence_velocity_n_s_log.jpg, id=350, 1540.75626pt x 824.07875pt>
File: H0_convergence_velocity_n_s_log.jpg Graphic file (type jpg)

<use H0_convergence_velocity_n_s_log.jpg>
Package pdftex.def Info: H0_convergence_velocity_n_s_log.jpg used on input line
 2445.
(pdftex.def)             Requested size: 358.50314pt x 191.73465pt.

<H0_convergence_pressure_n_s_log.jpg, id=351, 1540.75626pt x 824.07875pt>
File: H0_convergence_pressure_n_s_log.jpg Graphic file (type jpg)

<use H0_convergence_pressure_n_s_log.jpg>
Package pdftex.def Info: H0_convergence_pressure_n_s_log.jpg used on input line
 2450.
(pdftex.def)             Requested size: 358.50314pt x 191.73465pt.

<lid_newton_vx_bicgstab.jpg, id=352, 1540.75626pt x 824.07875pt>
File: lid_newton_vx_bicgstab.jpg Graphic file (type jpg)

<use lid_newton_vx_bicgstab.jpg>
Package pdftex.def Info: lid_newton_vx_bicgstab.jpg used on input line 2459.
(pdftex.def)             Requested size: 240.19644pt x 128.46019pt.

<lid_newton_vy_bicgstab.jpg, id=353, 562.1pt x 421.575pt>
File: lid_newton_vy_bicgstab.jpg Graphic file (type jpg)

<use lid_newton_vy_bicgstab.jpg>
Package pdftex.def Info: lid_newton_vy_bicgstab.jpg used on input line 2466.
(pdftex.def)             Requested size: 240.19644pt x 180.14798pt.

<lid_newton_pressure_bicgstab.jpg, id=354, 878.28125pt x 658.46pt>
File: lid_newton_pressure_bicgstab.jpg Graphic file (type jpg)

<use lid_newton_pressure_bicgstab.jpg>
Package pdftex.def Info: lid_newton_pressure_bicgstab.jpg used on input line 24
73.
(pdftex.def)             Requested size: 240.19644pt x 180.07735pt.

Underfull \hbox (badness 2205) in paragraph at lines 2476--2476
[]\OT1/cmr/m/n/10 Figure 5.36: |Pres-sure
 []

<lid_newton_vx_minres.jpg, id=355, 552.0625pt x 391.4625pt>
File: lid_newton_vx_minres.jpg Graphic file (type jpg)

<use lid_newton_vx_minres.jpg>
Package pdftex.def Info: lid_newton_vx_minres.jpg used on input line 2484.
(pdftex.def)             Requested size: 240.19644pt x 170.32065pt.

<lid_newton_vy_minres.jpg, id=356, 552.0625pt x 391.4625pt>
File: lid_newton_vy_minres.jpg Graphic file (type jpg)

<use lid_newton_vy_minres.jpg>
Package pdftex.def Info: lid_newton_vy_minres.jpg used on input line 2491.
(pdftex.def)             Requested size: 240.19644pt x 170.32065pt.

<lid_newton_pressure_minres.jpg, id=357, 878.28125pt x 658.46pt>
File: lid_newton_pressure_minres.jpg Graphic file (type jpg)

<use lid_newton_pressure_minres.jpg>
Package pdftex.def Info: lid_newton_pressure_minres.jpg used on input line 2498
.
(pdftex.def)             Requested size: 240.19644pt x 180.07735pt.

Underfull \hbox (badness 2205) in paragraph at lines 2501--2501
[]\OT1/cmr/m/n/10 Figure 5.40: |Pres-sure
 []

<lid_newton_vx_schur.jpg, id=358, 562.1pt x 421.575pt>
File: lid_newton_vx_schur.jpg Graphic file (type jpg)

<use lid_newton_vx_schur.jpg>
Package pdftex.def Info: lid_newton_vx_schur.jpg used on input line 2509.
(pdftex.def)             Requested size: 240.19644pt x 180.14798pt.

<lid_newton_vy_schur.jpg, id=359, 552.0625pt x 391.4625pt>
File: lid_newton_vy_schur.jpg Graphic file (type jpg)

<use lid_newton_vy_schur.jpg>
Package pdftex.def Info: lid_newton_vy_schur.jpg used on input line 2516.
(pdftex.def)             Requested size: 240.19644pt x 170.32065pt.

<lid_newton_pressure_schur.jpg, id=360, 894.34125pt x 705.63625pt>
File: lid_newton_pressure_schur.jpg Graphic file (type jpg)

<use lid_newton_pressure_schur.jpg>
Package pdftex.def Info: lid_newton_pressure_schur.jpg used on input line 2523.

(pdftex.def)             Requested size: 240.19644pt x 189.51222pt.

Underfull \hbox (badness 2205) in paragraph at lines 2526--2526
[]\OT1/cmr/m/n/10 Figure 5.44: |Pres-sure
 []

<cylinder_newton_vx_bicgstab.jpg, id=361, 562.1pt x 421.575pt>
File: cylinder_newton_vx_bicgstab.jpg Graphic file (type jpg)

<use cylinder_newton_vx_bicgstab.jpg>
Package pdftex.def Info: cylinder_newton_vx_bicgstab.jpg used on input line 253
4.
(pdftex.def)             Requested size: 240.19644pt x 180.14798pt.

<cylinder_newton_vy_bicgstab.jpg, id=362, 552.0625pt x 391.4625pt>
File: cylinder_newton_vy_bicgstab.jpg Graphic file (type jpg)

<use cylinder_newton_vy_bicgstab.jpg>
Package pdftex.def Info: cylinder_newton_vy_bicgstab.jpg used on input line 254
1.
(pdftex.def)             Requested size: 240.19644pt x 170.32065pt.

<cylinder_newton_pressure_bicgstab.jpg, id=363, 562.1pt x 421.575pt>
File: cylinder_newton_pressure_bicgstab.jpg Graphic file (type jpg)

<use cylinder_newton_pressure_bicgstab.jpg>
Package pdftex.def Info: cylinder_newton_pressure_bicgstab.jpg used on input li
ne 2548.
(pdftex.def)             Requested size: 240.19644pt x 180.14798pt.

Underfull \hbox (badness 2205) in paragraph at lines 2551--2551
[]\OT1/cmr/m/n/10 Figure 5.48: |Pres-sure
 []

<cylinder_newton_vx_minres.jpg, id=364, 562.1pt x 421.575pt>
File: cylinder_newton_vx_minres.jpg Graphic file (type jpg)

<use cylinder_newton_vx_minres.jpg>
Package pdftex.def Info: cylinder_newton_vx_minres.jpg used on input line 2559.

(pdftex.def)             Requested size: 240.19644pt x 180.14798pt.

<cylinder_newton_vy_minres.jpg, id=365, 562.1pt x 421.575pt>
File: cylinder_newton_vy_minres.jpg Graphic file (type jpg)

<use cylinder_newton_vy_minres.jpg>
Package pdftex.def Info: cylinder_newton_vy_minres.jpg used on input line 2566.

(pdftex.def)             Requested size: 240.19644pt x 180.14798pt.

<cylinder_newton_pressure_minres.jpg, id=366, 878.28125pt x 658.46pt>
File: cylinder_newton_pressure_minres.jpg Graphic file (type jpg)

<use cylinder_newton_pressure_minres.jpg>
Package pdftex.def Info: cylinder_newton_pressure_minres.jpg used on input line
 2573.
(pdftex.def)             Requested size: 240.19644pt x 180.07735pt.

Underfull \hbox (badness 2205) in paragraph at lines 2576--2576
[]\OT1/cmr/m/n/10 Figure 5.52: |Pres-sure
 []

<cylinder_newton_vx_schur.jpg, id=367, 562.1pt x 421.575pt>
File: cylinder_newton_vx_schur.jpg Graphic file (type jpg)

<use cylinder_newton_vx_schur.jpg>
Package pdftex.def Info: cylinder_newton_vx_schur.jpg used on input line 2584.
(pdftex.def)             Requested size: 240.19644pt x 180.14798pt.

<cylinder_newton_vy_schur.jpg, id=368, 552.0625pt x 391.4625pt>
File: cylinder_newton_vy_schur.jpg Graphic file (type jpg)

<use cylinder_newton_vy_schur.jpg>
Package pdftex.def Info: cylinder_newton_vy_schur.jpg used on input line 2591.
(pdftex.def)             Requested size: 240.19644pt x 170.32065pt.

<cylinder_newton_pressure_schur.jpg, id=369, 878.28125pt x 658.46pt>
File: cylinder_newton_pressure_schur.jpg Graphic file (type jpg)

<use cylinder_newton_pressure_schur.jpg>
Package pdftex.def Info: cylinder_newton_pressure_schur.jpg used on input line 
2598.
(pdftex.def)             Requested size: 240.19644pt x 180.07735pt.

Underfull \hbox (badness 2205) in paragraph at lines 2601--2601
[]\OT1/cmr/m/n/10 Figure 5.56: |Pres-sure
 []


Underfull \hbox (badness 10000) in paragraph at lines 2618--2618
[]|\OT1/cmr/m/n/10 Schur com-ple-ment
 []


Overfull \hbox (1.75293pt too wide) in alignment at lines 2614--2624
 [] [] [] 
 []


Underfull \vbox (badness 10000) detected at line 2624
 []

[78] [79 <./L2_convergence_velocity_n_s.jpg> <./L2_convergence_pressure_n_s.jpg
>] [80 <./L2_convergence_velocity_n_s_log.jpg> <./L2_convergence_pressure_n_s_l
og.jpg>] [81 <./H0_convergence_velocity_n_s.jpg> <./H0_convergence_pressure_n_s
.jpg>] [82 <./H0_convergence_velocity_n_s_log.jpg> <./H0_convergence_pressure_n
_s_log.jpg>] [83 <./lid_newton_vx_bicgstab.jpg> <./lid_newton_vy_bicgstab.jpg> 
<./lid_newton_pressure_bicgstab.jpg>] [84 <./lid_newton_vx_minres.jpg> <./lid_n
ewton_vy_minres.jpg> <./lid_newton_pressure_minres.jpg>] [85 <./lid_newton_vx_s
chur.jpg> <./lid_newton_vy_schur.jpg> <./lid_newton_pressure_schur.jpg>]
[86 <./cylinder_newton_vx_bicgstab.jpg> <./cylinder_newton_vy_bicgstab.jpg> <./
cylinder_newton_pressure_bicgstab.jpg>] [87 <./cylinder_newton_vx_minres.jpg> <
./cylinder_newton_vy_minres.jpg> <./cylinder_newton_pressure_minres.jpg>]
[88 <./cylinder_newton_vx_schur.jpg> <./cylinder_newton_vy_schur.jpg> <./cylind
er_newton_pressure_schur.jpg>]
Chapter 6.

Underfull \hbox (badness 10000) in paragraph at lines 2632--2633

 []


Underfull \hbox (badness 10000) in paragraph at lines 2634--2635

 []


Underfull \hbox (badness 10000) in paragraph at lines 2636--2637

 []


Underfull \hbox (badness 10000) in paragraph at lines 2638--2639

 []


Underfull \hbox (badness 10000) in paragraph at lines 2640--2641

 []


Underfull \hbox (badness 10000) in paragraph at lines 2642--2643

 []


Underfull \hbox (badness 10000) in paragraph at lines 2644--2645

 []


Underfull \hbox (badness 10000) in paragraph at lines 2646--2647

 []

[89

]
Underfull \hbox (badness 10000) in paragraph at lines 2650--2651

 []


Underfull \hbox (badness 10000) in paragraph at lines 2654--2655

 []

[90]
Underfull \hbox (badness 10000) in paragraph at lines 2674--2675

 []


Underfull \hbox (badness 10000) in paragraph at lines 2676--2677

 []


Underfull \hbox (badness 10000) in paragraph at lines 2678--2679

 []


Underfull \hbox (badness 10000) in paragraph at lines 2699--2700

 []


Underfull \hbox (badness 10000) in paragraph at lines 2709--2710

 []


Underfull \hbox (badness 10000) in paragraph at lines 2715--2716

 []


Underfull \hbox (badness 10000) in paragraph at lines 2719--2722

 []

[91]
Underfull \hbox (badness 10000) in paragraph at lines 2749--2750

 []


Underfull \hbox (badness 10000) in paragraph at lines 2751--2752

 []


Underfull \hbox (badness 10000) in paragraph at lines 2753--2758

 []


Underfull \hbox (badness 10000) in paragraph at lines 2759--2760

 []


Underfull \hbox (badness 10000) in paragraph at lines 2761--2762

 []


Underfull \hbox (badness 10000) in paragraph at lines 2815--2816

 []


Underfull \hbox (badness 10000) in paragraph at lines 2817--2818

 []


Underfull \hbox (badness 10000) in paragraph at lines 2819--2820

 []

[92]
Underfull \hbox (badness 10000) in paragraph at lines 2821--2822

 []


Underfull \hbox (badness 10000) in paragraph at lines 2823--2824

 []


Underfull \hbox (badness 10000) in paragraph at lines 2825--2826

 []


Underfull \hbox (badness 10000) in paragraph at lines 2833--2834

 []

[93]
Underfull \hbox (badness 10000) in paragraph at lines 2876--2877

 []


Underfull \hbox (badness 10000) in paragraph at lines 2878--2879

 []


Underfull \hbox (badness 10000) in paragraph at lines 2883--2884

 []


Underfull \hbox (badness 10000) in paragraph at lines 2885--2886

 []


Underfull \hbox (badness 10000) in paragraph at lines 2887--2888

 []


Underfull \hbox (badness 10000) in paragraph at lines 2889--2892

 []


Underfull \hbox (badness 10000) in paragraph at lines 2893--2894

 []


Underfull \hbox (badness 10000) in paragraph at lines 2895--2896

 []


Underfull \hbox (badness 10000) in paragraph at lines 2897--2898

 []


Underfull \hbox (badness 10000) in paragraph at lines 2905--2906

 []

[94]
Underfull \hbox (badness 10000) in paragraph at lines 2921--2922

 []


Underfull \hbox (badness 10000) in paragraph at lines 2939--2940

 []

[95] [96]
Underfull \hbox (badness 10000) in paragraph at lines 3011--3012

 []


Underfull \hbox (badness 10000) in paragraph at lines 3021--3023

 []

(./Short description.bbl [97] [98

]
Missing character: There is no â in font cmr10!
Missing character: There is no € in font cmr10!
Missing character: There is no “ in font cmr10!
 [99]) [100] (./Short description.aux) ) 
Here is how much of TeX's memory you used:
 17510 strings out of 493029
 339886 string characters out of 6136233
 417939 words of memory out of 5000000
 20614 multiletter control sequences out of 15000+600000
 18781 words of font info for 73 fonts, out of 8000000 for 9000
 1141 hyphenation exceptions out of 8191
 55i,18n,54p,1386b,498s stack positions out of 5000i,500n,10000p,200000b,80000s
</usr/share/texlive/texmf-dist/fonts/ty
pe1/public/amsfonts/cm/cmbx10.pfb></usr/share/texlive/texmf-dist/fonts/type1/pu
blic/amsfonts/cm/cmbx12.pfb></usr/share/texlive/texmf-dist/fonts/type1/public/a
msfonts/cm/cmex10.pfb></usr/share/texlive/texmf-dist/fonts/type1/public/amsfont
s/cm/cmmi10.pfb></usr/share/texlive/texmf-dist/fonts/type1/public/amsfonts/cm/c
mmi12.pfb></usr/share/texlive/texmf-dist/fonts/type1/public/amsfonts/cm/cmmi5.p
fb></usr/share/texlive/texmf-dist/fonts/type1/public/amsfonts/cm/cmmi6.pfb></us
r/share/texlive/texmf-dist/fonts/type1/public/amsfonts/cm/cmmi7.pfb></usr/share
/texlive/texmf-dist/fonts/type1/public/amsfonts/cm/cmmi8.pfb></usr/share/texliv
e/texmf-dist/fonts/type1/public/amsfonts/cm/cmmi9.pfb></usr/share/texlive/texmf
-dist/fonts/type1/public/amsfonts/cm/cmr10.pfb></usr/share/texlive/texmf-dist/f
onts/type1/public/amsfonts/cm/cmr12.pfb></usr/share/texlive/texmf-dist/fonts/ty
pe1/public/amsfonts/cm/cmr17.pfb></usr/share/texlive/texmf-dist/fonts/type1/pub
lic/amsfonts/cm/cmr5.pfb></usr/share/texlive/texmf-dist/fonts/type1/public/amsf
onts/cm/cmr6.pfb></usr/share/texlive/texmf-dist/fonts/type1/public/amsfonts/cm/
cmr7.pfb></usr/share/texlive/texmf-dist/fonts/type1/public/amsfonts/cm/cmr8.pfb
></usr/share/texlive/texmf-dist/fonts/type1/public/amsfonts/cm/cmr9.pfb></usr/s
hare/texlive/texmf-dist/fonts/type1/public/amsfonts/cm/cmsl10.pfb></usr/share/t
exlive/texmf-dist/fonts/type1/public/amsfonts/cm/cmsy10.pfb></usr/share/texlive
/texmf-dist/fonts/type1/public/amsfonts/cm/cmsy5.pfb></usr/share/texlive/texmf-
dist/fonts/type1/public/amsfonts/cm/cmsy6.pfb></usr/share/texlive/texmf-dist/fo
nts/type1/public/amsfonts/cm/cmsy7.pfb></usr/share/texlive/texmf-dist/fonts/typ
e1/public/amsfonts/cm/cmsy8.pfb></usr/share/texlive/texmf-dist/fonts/type1/publ
ic/amsfonts/cm/cmsy9.pfb></usr/share/texlive/texmf-dist/fonts/type1/public/amsf
onts/cm/cmti10.pfb></usr/share/texlive/texmf-dist/fonts/type1/public/amsfonts/c
m/cmtt10.pfb></usr/share/texlive/texmf-dist/fonts/type1/public/amsfonts/latxfon
t/line10.pfb></usr/share/texlive/texmf-dist/fonts/type1/public/amsfonts/symbols
/msbm10.pfb></usr/share/texlive/texmf-dist/fonts/type1/public/amsfonts/symbols/
msbm7.pfb>
Output written on "Short description.pdf" (102 pages, 6738136 bytes).
PDF statistics:
 542 PDF objects out of 1000 (max. 8388607)
 320 compressed objects within 4 object streams
 0 named destinations out of 1000 (max. 500000)
 428 words of extra memory for PDF output out of 10000 (max. 10000000)

